********************************************************************************
DUPLICATOR-LITE PACKAGE-LOG: December 8, 2023 10:22 am
NOTICE: Do NOT post to public sites or forums 
********************************************************************************
VERSION:	1.5.7.1
WORDPRESS:	6.4.2
PHP INFO:	8.0.30 | SAPI: apache2handler
SERVER:		Apache/2.4.58 (Win64) OpenSSL/3.1.3 PHP/8.0.30 
PHP TIME LIMIT: (0) no time limit imposed 
PHP MAX MEMORY: 4294967296 (512M default) 
MEMORY STACK: 50MB

********************************************************************************
DATABASE:
********************************************************************************
BUILD MODE:   MYSQLDUMP
MYSQLTIMEOUT: 5000
MYSQLDUMP:    Is Supported
SQL CREATED: milayacapital_8Dec2023_612932896d1e14db3978_20231208102247_database.sql
SQL FILE SIZE: 248.22KB (254176)
SQL FILE TIME: 2023-12-08 10:22:55
SQL RUNTIME: 1.34 sec.

********************************************************************************
ARCHIVE (ZIP):
********************************************************************************
ARCHIVE DIR:  C:/xampp/htdocs/milayacapital
ARCHIVE FILE: milayacapital_8Dec2023_612932896d1e14db3978_20231208102247_archive.zip
FILTERS: *OFF*
DIRS:
	not set
FILES:
	not set
EXTS:  not set
----------------------------------------
COMPRESSING
SIZE:	131.19MB
STATS:	Dirs 782 | Files 5,864
SQL ADDED: milayacapital_8Dec2023_612932896d1e14db3978_20231208102247_database.sql
ZipArchive Object
(
    [lastId] => 6645
    [status] => 0
    [statusSys] => 0
    [numFiles] => 6646
    [filename] => C:\xampp\htdocs\milayacapital\wp-content\backups-dup-lite\tmp\milayacapital_8Dec2023_612932896d1e14db3978_20231208102247_archive.zip
    [comment] => 
)

FILE ADDED TO ZIP: 6645
COMPRESSION RESULT: '1'
COMPRESSED SIZE: 66.25MB
ARCHIVE RUNTIME: 57.76 sec.
MEMORY STACK: 52MB
building installer
ARCHIVE CONSISTENCY TEST: PASS

********************************************************************************
INTEGRITY CHECKS:
********************************************************************************
SQL FILE: 248.22KB
INSTALLER FILE: 73.48KB
ARCHIVE FILE: 68.12MB 
EXPECTED FILE/DIRECTORY COUNT: 6,646
ACTUAL FILE/DIRECTORY COUNT: 6,645
ARCHIVE CONSISTENCY TEST: Pass

********************************************************************************
RECORD ID:[4]
TOTAL PROCESS RUNTIME: 60.15 sec.
PEAK PHP MEMORY USED: 54MB
DONE PROCESSING => milayacapital_8Dec2023 December 8, 2023 10:23 am

